2012-06-29 12:01:06,866 INFO  [AndroMDA] - discovering namespaces -
2012-06-29 12:01:06,944 INFO  [AndroMDA] found namespace --> 'spring'
2012-06-29 12:01:06,944 INFO  [AndroMDA]   +  registering component 'metafacades'
2012-06-29 12:01:07,085 INFO  [AndroMDA]   +  registering component 'cartridge'
2012-06-29 12:01:07,179 INFO  [AndroMDA]   +  registering component 'profile'
2012-06-29 12:01:07,226 INFO  [AndroMDA] found namespace --> 'hibernate'
2012-06-29 12:01:07,226 INFO  [AndroMDA]   +  registering component 'metafacades'
2012-06-29 12:01:07,304 INFO  [AndroMDA]   +  registering component 'cartridge'
2012-06-29 12:01:07,320 INFO  [AndroMDA]   +  registering component 'profile'
2012-06-29 12:01:07,351 INFO  [AndroMDA] found namespace --> 'webservice'
2012-06-29 12:01:07,351 INFO  [AndroMDA]   +  registering component 'metafacades'
2012-06-29 12:01:07,398 INFO  [AndroMDA]   +  registering component 'cartridge'
2012-06-29 12:01:07,398 INFO  [AndroMDA]   +  registering component 'profile'
2012-06-29 12:01:07,413 INFO  [AndroMDA] found namespace --> 'java'
2012-06-29 12:01:07,413 INFO  [AndroMDA]   +  registering component 'cartridge'
2012-06-29 12:01:07,445 INFO  [AndroMDA] found namespace --> 'bpm4struts'
2012-06-29 12:01:07,492 INFO  [AndroMDA]   +  registering component 'metafacades'
2012-06-29 12:01:07,617 INFO  [AndroMDA]   +  registering component 'cartridge'
2012-06-29 12:01:07,679 INFO  [AndroMDA]   +  registering component 'profile'
2012-06-29 12:01:07,711 INFO  [AndroMDA] found namespace --> 'validation'
2012-06-29 12:01:07,711 INFO  [AndroMDA]   +  registering component 'translation-library'
2012-06-29 12:01:08,023 INFO  [AndroMDA] found namespace --> 'query'
2012-06-29 12:01:08,023 INFO  [AndroMDA]   +  registering component 'translation-library'
2012-06-29 12:01:08,039 INFO  [AndroMDA] found namespace --> 'uml'
2012-06-29 12:01:08,039 INFO  [AndroMDA]   +  registering component 'metafacades'
2012-06-29 12:01:08,321 INFO  [AndroMDA]   +  registering component 'profile'
2012-06-29 12:01:08,336 INFO  [AndroMDA] found namespace --> 'netBeansMDR'
2012-06-29 12:01:08,336 INFO  [AndroMDA]   +  registering component 'repository'
2012-06-29 12:01:10,197 INFO  [AndroMDA] - core initialization complete: 3.644[s] -
2012-06-29 12:01:10,713 INFO  [AndroMDA] loading model --> 'file:C:/svn/desarrollo/04_Subsistemas/interfazJMX/mda/src/uml/AgregaJmxModel.xmi'
2012-06-29 12:01:12,715 INFO  [AndroMDA] referenced model --> 'jar:file:/c:/localRepo/andromda/xml.zips/andromda-profile-3.1.7.p01.xml.zip!/andromda-profile-3.1.7.p01.xml'
2012-06-29 12:01:12,746 INFO  [AndroMDA] referenced model --> 'jar:file:/c:/localRepo/andromda/xml.zips/andromda-profile-datatype-3.1.7.p01.xml.zip!/andromda-profile-datatype-3.1.7.p01.xml'
2012-06-29 12:01:12,778 INFO  [AndroMDA] referenced model --> 'jar:file:/c:/localRepo/andromda/xml.zips/andromda-profile-architecture-3.1.7.p01.xml.zip!/andromda-profile-architecture-3.1.7.p01.xml'
2012-06-29 12:01:12,825 INFO  [AndroMDA] referenced model --> 'jar:file:/c:/localRepo/andromda/xml.zips/andromda-profile-estimation-3.1.7.p01.xml.zip!/andromda-profile-estimation-3.1.7.p01.xml'
2012-06-29 12:01:12,856 INFO  [AndroMDA] referenced model --> 'jar:file:/c:/localRepo/andromda/xml.zips/andromda-profile-batch-3.1.7.p01.xml.zip!/andromda-profile-batch-3.1.7.p01.xml'
2012-06-29 12:01:12,856 INFO  [AndroMDA] referenced model --> 'jar:file:/c:/localRepo/andromda/xml.zips/andromda-profile-service-3.1.7.p01.xml.zip!/andromda-profile-service-3.1.7.p01.xml'
2012-06-29 12:01:12,871 INFO  [AndroMDA] referenced model --> 'jar:file:/c:/localRepo/andromda/xml.zips/andromda-profile-process-3.1.7.p01.xml.zip!/andromda-profile-process-3.1.7.p01.xml'
2012-06-29 12:01:12,903 INFO  [AndroMDA] referenced model --> 'jar:file:/c:/localRepo/andromda/xml.zips/andromda-profile-presentation-3.1.7.p01.xml.zip!/andromda-profile-presentation-3.1.7.p01.xml'
2012-06-29 12:01:12,934 INFO  [AndroMDA] referenced model --> 'jar:file:/c:/localRepo/andromda/xml.zips/andromda-profile-meta-3.1.7.p01.xml.zip!/andromda-profile-meta-3.1.7.p01.xml'
2012-06-29 12:01:12,934 INFO  [AndroMDA] referenced model --> 'jar:file:/c:/localRepo/andromda/xml.zips/andromda-profile-xml-3.1.7.p01.xml.zip!/andromda-profile-xml-3.1.7.p01.xml'
2012-06-29 12:01:12,950 INFO  [AndroMDA] referenced model --> 'jar:file:/c:/localRepo/andromda/xml.zips/andromda-profile-persistence-3.1.7.p01.xml.zip!/andromda-profile-persistence-3.1.7.p01.xml'
2012-06-29 12:01:13,028 INFO  [AndroMDA] referenced model --> 'jar:file:/c:/localRepo/andromda/xml.zips/andromda-profile-webservice-3.1.7.p01.xml.zip!/andromda-profile-webservice-3.1.7.p01.xml'
2012-06-29 12:01:13,044 INFO  [AndroMDA] referenced model --> 'jar:file:/c:/localRepo/andromda/xml.zips/andromda-profile-jms-3.1.7.p01.xml.zip!/andromda-profile-jms-3.1.7.p01.xml'
2012-06-29 12:01:13,888 INFO  [AndroMDA] - loading complete: 3.19[s] -
2012-06-29 12:01:13,888 INFO  [AndroMDA] - validating model -
2012-06-29 12:01:16,375 INFO  [AndroMDA] - validation complete: 2.487[s] -
2012-06-29 12:01:16,750 WARN  [org.andromda.core.configuration.Namespaces] WARNING! Namespaces 'default' and 'spring' have no property 'filterChainPreviousFilters' defined --> please define this property in AT LEAST ONE of these two namespaces.  If you want to 'ignore' this message, add the property to the namespace with ignore set to 'true'
2012-06-29 12:01:16,750 WARN  [org.andromda.core.configuration.Namespaces] WARNING! Namespaces 'default' and 'spring' have no property 'filterChainSubsequentFilters' defined --> please define this property in AT LEAST ONE of these two namespaces.  If you want to 'ignore' this message, add the property to the namespace with ignore set to 'true'
2012-06-29 12:01:16,750 WARN  [org.andromda.core.configuration.Namespaces] WARNING! Namespaces 'default' and 'spring' have no property 'filterChainWSPreviousFilters' defined --> please define this property in AT LEAST ONE of these two namespaces.  If you want to 'ignore' this message, add the property to the namespace with ignore set to 'true'
2012-06-29 12:01:16,750 WARN  [org.andromda.core.configuration.Namespaces] WARNING! Namespaces 'default' and 'spring' have no property 'filterChainWSSubsequentFilters' defined --> please define this property in AT LEAST ONE of these two namespaces.  If you want to 'ignore' this message, add the property to the namespace with ignore set to 'true'
2012-06-29 12:01:16,797 INFO  [AndroMDA:spring] Output: 'file:/C:/svn/desarrollo/04_Subsistemas/interfazJMX/mda/src/../../core/target/src/es/indra/agrega/jmx/ServiceLocator.java'
2012-06-29 12:01:16,813 WARN  [org.andromda.core.configuration.Namespaces] WARNING! Namespaces 'default' and 'spring' have no property 'filterChainPreviousFilters' defined --> please define this property in AT LEAST ONE of these two namespaces.  If you want to 'ignore' this message, add the property to the namespace with ignore set to 'true'
2012-06-29 12:01:16,813 WARN  [org.andromda.core.configuration.Namespaces] WARNING! Namespaces 'default' and 'spring' have no property 'filterChainSubsequentFilters' defined --> please define this property in AT LEAST ONE of these two namespaces.  If you want to 'ignore' this message, add the property to the namespace with ignore set to 'true'
2012-06-29 12:01:16,813 WARN  [org.andromda.core.configuration.Namespaces] WARNING! Namespaces 'default' and 'spring' have no property 'filterChainWSPreviousFilters' defined --> please define this property in AT LEAST ONE of these two namespaces.  If you want to 'ignore' this message, add the property to the namespace with ignore set to 'true'
2012-06-29 12:01:16,813 WARN  [org.andromda.core.configuration.Namespaces] WARNING! Namespaces 'default' and 'spring' have no property 'filterChainWSSubsequentFilters' defined --> please define this property in AT LEAST ONE of these two namespaces.  If you want to 'ignore' this message, add the property to the namespace with ignore set to 'true'
2012-06-29 12:01:16,828 INFO  [AndroMDA:spring] Output: 'file:/C:/svn/desarrollo/04_Subsistemas/interfazJMX/mda/src/../../core/target/src/es/indra/agrega/jmx/PropiedadJmxService.java'
2012-06-29 12:01:16,828 WARN  [org.andromda.core.configuration.Namespaces] WARNING! Namespaces 'default' and 'spring' have no property 'filterChainPreviousFilters' defined --> please define this property in AT LEAST ONE of these two namespaces.  If you want to 'ignore' this message, add the property to the namespace with ignore set to 'true'
2012-06-29 12:01:16,828 WARN  [org.andromda.core.configuration.Namespaces] WARNING! Namespaces 'default' and 'spring' have no property 'filterChainSubsequentFilters' defined --> please define this property in AT LEAST ONE of these two namespaces.  If you want to 'ignore' this message, add the property to the namespace with ignore set to 'true'
2012-06-29 12:01:16,828 WARN  [org.andromda.core.configuration.Namespaces] WARNING! Namespaces 'default' and 'spring' have no property 'filterChainWSPreviousFilters' defined --> please define this property in AT LEAST ONE of these two namespaces.  If you want to 'ignore' this message, add the property to the namespace with ignore set to 'true'
2012-06-29 12:01:16,828 WARN  [org.andromda.core.configuration.Namespaces] WARNING! Namespaces 'default' and 'spring' have no property 'filterChainWSSubsequentFilters' defined --> please define this property in AT LEAST ONE of these two namespaces.  If you want to 'ignore' this message, add the property to the namespace with ignore set to 'true'
2012-06-29 12:01:16,859 INFO  [AndroMDA:spring] Output: 'file:/C:/svn/desarrollo/04_Subsistemas/interfazJMX/mda/src/../../core/target/src/es/pode/configuracionPlataforma/servicios/SrvPropiedadService.java'
2012-06-29 12:01:16,875 WARN  [org.andromda.core.configuration.Namespaces] WARNING! Namespaces 'default' and 'spring' have no property 'filterChainPreviousFilters' defined --> please define this property in AT LEAST ONE of these two namespaces.  If you want to 'ignore' this message, add the property to the namespace with ignore set to 'true'
2012-06-29 12:01:16,875 WARN  [org.andromda.core.configuration.Namespaces] WARNING! Namespaces 'default' and 'spring' have no property 'filterChainSubsequentFilters' defined --> please define this property in AT LEAST ONE of these two namespaces.  If you want to 'ignore' this message, add the property to the namespace with ignore set to 'true'
2012-06-29 12:01:16,875 WARN  [org.andromda.core.configuration.Namespaces] WARNING! Namespaces 'default' and 'spring' have no property 'filterChainWSPreviousFilters' defined --> please define this property in AT LEAST ONE of these two namespaces.  If you want to 'ignore' this message, add the property to the namespace with ignore set to 'true'
2012-06-29 12:01:16,875 WARN  [org.andromda.core.configuration.Namespaces] WARNING! Namespaces 'default' and 'spring' have no property 'filterChainWSSubsequentFilters' defined --> please define this property in AT LEAST ONE of these two namespaces.  If you want to 'ignore' this message, add the property to the namespace with ignore set to 'true'
2012-06-29 12:01:16,891 INFO  [AndroMDA:spring] Output: 'file:/C:/svn/desarrollo/04_Subsistemas/interfazJMX/mda/src/../../core/target/src/es/pode/configuracionPlataforma/servicios/SrvPropiedadServiceWSDelegator.java'
2012-06-29 12:01:16,891 WARN  [org.andromda.core.configuration.Namespaces] WARNING! Namespaces 'default' and 'spring' have no property 'filterChainPreviousFilters' defined --> please define this property in AT LEAST ONE of these two namespaces.  If you want to 'ignore' this message, add the property to the namespace with ignore set to 'true'
2012-06-29 12:01:16,891 WARN  [org.andromda.core.configuration.Namespaces] WARNING! Namespaces 'default' and 'spring' have no property 'filterChainSubsequentFilters' defined --> please define this property in AT LEAST ONE of these two namespaces.  If you want to 'ignore' this message, add the property to the namespace with ignore set to 'true'
2012-06-29 12:01:16,891 WARN  [org.andromda.core.configuration.Namespaces] WARNING! Namespaces 'default' and 'spring' have no property 'filterChainWSPreviousFilters' defined --> please define this property in AT LEAST ONE of these two namespaces.  If you want to 'ignore' this message, add the property to the namespace with ignore set to 'true'
2012-06-29 12:01:16,891 WARN  [org.andromda.core.configuration.Namespaces] WARNING! Namespaces 'default' and 'spring' have no property 'filterChainWSSubsequentFilters' defined --> please define this property in AT LEAST ONE of these two namespaces.  If you want to 'ignore' this message, add the property to the namespace with ignore set to 'true'
2012-06-29 12:01:16,906 INFO  [AndroMDA:spring] Output: 'file:/C:/svn/desarrollo/04_Subsistemas/interfazJMX/mda/src/../../core/target/src/es/pode/configuracionPlataforma/servicios/SrvPropiedadServiceWSDelegator.java'
2012-06-29 12:01:16,906 WARN  [org.andromda.core.configuration.Namespaces] WARNING! Namespaces 'default' and 'spring' have no property 'filterChainPreviousFilters' defined --> please define this property in AT LEAST ONE of these two namespaces.  If you want to 'ignore' this message, add the property to the namespace with ignore set to 'true'
2012-06-29 12:01:16,906 WARN  [org.andromda.core.configuration.Namespaces] WARNING! Namespaces 'default' and 'spring' have no property 'filterChainSubsequentFilters' defined --> please define this property in AT LEAST ONE of these two namespaces.  If you want to 'ignore' this message, add the property to the namespace with ignore set to 'true'
2012-06-29 12:01:16,906 WARN  [org.andromda.core.configuration.Namespaces] WARNING! Namespaces 'default' and 'spring' have no property 'filterChainWSPreviousFilters' defined --> please define this property in AT LEAST ONE of these two namespaces.  If you want to 'ignore' this message, add the property to the namespace with ignore set to 'true'
2012-06-29 12:01:16,906 WARN  [org.andromda.core.configuration.Namespaces] WARNING! Namespaces 'default' and 'spring' have no property 'filterChainWSSubsequentFilters' defined --> please define this property in AT LEAST ONE of these two namespaces.  If you want to 'ignore' this message, add the property to the namespace with ignore set to 'true'
2012-06-29 12:01:17,000 INFO  [AndroMDA:spring] Output: 'file:/C:/svn/desarrollo/04_Subsistemas/interfazJMX/mda/src/../../core/target/src/es/indra/agrega/jmx/PropiedadJmxServiceBase.java'
2012-06-29 12:01:17,000 WARN  [org.andromda.core.configuration.Namespaces] WARNING! Namespaces 'default' and 'spring' have no property 'filterChainPreviousFilters' defined --> please define this property in AT LEAST ONE of these two namespaces.  If you want to 'ignore' this message, add the property to the namespace with ignore set to 'true'
2012-06-29 12:01:17,000 WARN  [org.andromda.core.configuration.Namespaces] WARNING! Namespaces 'default' and 'spring' have no property 'filterChainSubsequentFilters' defined --> please define this property in AT LEAST ONE of these two namespaces.  If you want to 'ignore' this message, add the property to the namespace with ignore set to 'true'
2012-06-29 12:01:17,000 WARN  [org.andromda.core.configuration.Namespaces] WARNING! Namespaces 'default' and 'spring' have no property 'filterChainWSPreviousFilters' defined --> please define this property in AT LEAST ONE of these two namespaces.  If you want to 'ignore' this message, add the property to the namespace with ignore set to 'true'
2012-06-29 12:01:17,000 WARN  [org.andromda.core.configuration.Namespaces] WARNING! Namespaces 'default' and 'spring' have no property 'filterChainWSSubsequentFilters' defined --> please define this property in AT LEAST ONE of these two namespaces.  If you want to 'ignore' this message, add the property to the namespace with ignore set to 'true'
2012-06-29 12:01:17,063 INFO  [AndroMDA:spring] Output: 'file:/C:/svn/desarrollo/04_Subsistemas/interfazJMX/mda/src/../../core/target/src/es/pode/configuracionPlataforma/servicios/SrvPropiedadServiceBase.java'
2012-06-29 12:01:17,063 WARN  [org.andromda.core.configuration.Namespaces] WARNING! Namespaces 'default' and 'spring' have no property 'filterChainPreviousFilters' defined --> please define this property in AT LEAST ONE of these two namespaces.  If you want to 'ignore' this message, add the property to the namespace with ignore set to 'true'
2012-06-29 12:01:17,063 WARN  [org.andromda.core.configuration.Namespaces] WARNING! Namespaces 'default' and 'spring' have no property 'filterChainSubsequentFilters' defined --> please define this property in AT LEAST ONE of these two namespaces.  If you want to 'ignore' this message, add the property to the namespace with ignore set to 'true'
2012-06-29 12:01:17,063 WARN  [org.andromda.core.configuration.Namespaces] WARNING! Namespaces 'default' and 'spring' have no property 'filterChainWSPreviousFilters' defined --> please define this property in AT LEAST ONE of these two namespaces.  If you want to 'ignore' this message, add the property to the namespace with ignore set to 'true'
2012-06-29 12:01:17,063 WARN  [org.andromda.core.configuration.Namespaces] WARNING! Namespaces 'default' and 'spring' have no property 'filterChainWSSubsequentFilters' defined --> please define this property in AT LEAST ONE of these two namespaces.  If you want to 'ignore' this message, add the property to the namespace with ignore set to 'true'
2012-06-29 12:01:17,078 INFO  [AndroMDA:spring] Output: 'file:/C:/svn/desarrollo/04_Subsistemas/interfazJMX/mda/src/../../core/target/src/es/indra/agrega/jmx/PrincipalStore.java'
2012-06-29 12:01:17,078 WARN  [org.andromda.core.configuration.Namespaces] WARNING! Namespaces 'default' and 'spring' have no property 'filterChainPreviousFilters' defined --> please define this property in AT LEAST ONE of these two namespaces.  If you want to 'ignore' this message, add the property to the namespace with ignore set to 'true'
2012-06-29 12:01:17,078 WARN  [org.andromda.core.configuration.Namespaces] WARNING! Namespaces 'default' and 'spring' have no property 'filterChainSubsequentFilters' defined --> please define this property in AT LEAST ONE of these two namespaces.  If you want to 'ignore' this message, add the property to the namespace with ignore set to 'true'
2012-06-29 12:01:17,078 WARN  [org.andromda.core.configuration.Namespaces] WARNING! Namespaces 'default' and 'spring' have no property 'filterChainWSPreviousFilters' defined --> please define this property in AT LEAST ONE of these two namespaces.  If you want to 'ignore' this message, add the property to the namespace with ignore set to 'true'
2012-06-29 12:01:17,078 WARN  [org.andromda.core.configuration.Namespaces] WARNING! Namespaces 'default' and 'spring' have no property 'filterChainWSSubsequentFilters' defined --> please define this property in AT LEAST ONE of these two namespaces.  If you want to 'ignore' this message, add the property to the namespace with ignore set to 'true'
2012-06-29 12:01:17,094 INFO  [AndroMDA:spring] Output: 'file:/C:/svn/desarrollo/04_Subsistemas/interfazJMX/mda/src/../../core/src/test-resources/client-config.wsdd'
2012-06-29 12:01:17,094 WARN  [org.andromda.core.configuration.Namespaces] WARNING! Namespaces 'default' and 'spring' have no property 'filterChainPreviousFilters' defined --> please define this property in AT LEAST ONE of these two namespaces.  If you want to 'ignore' this message, add the property to the namespace with ignore set to 'true'
2012-06-29 12:01:17,094 WARN  [org.andromda.core.configuration.Namespaces] WARNING! Namespaces 'default' and 'spring' have no property 'filterChainSubsequentFilters' defined --> please define this property in AT LEAST ONE of these two namespaces.  If you want to 'ignore' this message, add the property to the namespace with ignore set to 'true'
2012-06-29 12:01:17,094 WARN  [org.andromda.core.configuration.Namespaces] WARNING! Namespaces 'default' and 'spring' have no property 'filterChainWSPreviousFilters' defined --> please define this property in AT LEAST ONE of these two namespaces.  If you want to 'ignore' this message, add the property to the namespace with ignore set to 'true'
2012-06-29 12:01:17,094 WARN  [org.andromda.core.configuration.Namespaces] WARNING! Namespaces 'default' and 'spring' have no property 'filterChainWSSubsequentFilters' defined --> please define this property in AT LEAST ONE of these two namespaces.  If you want to 'ignore' this message, add the property to the namespace with ignore set to 'true'
2012-06-29 12:01:17,094 WARN  [org.andromda.core.configuration.Namespaces] WARNING! Namespaces 'default' and 'spring' have no property 'filterChainPreviousFilters' defined --> please define this property in AT LEAST ONE of these two namespaces.  If you want to 'ignore' this message, add the property to the namespace with ignore set to 'true'
2012-06-29 12:01:17,094 WARN  [org.andromda.core.configuration.Namespaces] WARNING! Namespaces 'default' and 'spring' have no property 'filterChainSubsequentFilters' defined --> please define this property in AT LEAST ONE of these two namespaces.  If you want to 'ignore' this message, add the property to the namespace with ignore set to 'true'
2012-06-29 12:01:17,094 WARN  [org.andromda.core.configuration.Namespaces] WARNING! Namespaces 'default' and 'spring' have no property 'filterChainWSPreviousFilters' defined --> please define this property in AT LEAST ONE of these two namespaces.  If you want to 'ignore' this message, add the property to the namespace with ignore set to 'true'
2012-06-29 12:01:17,094 WARN  [org.andromda.core.configuration.Namespaces] WARNING! Namespaces 'default' and 'spring' have no property 'filterChainWSSubsequentFilters' defined --> please define this property in AT LEAST ONE of these two namespaces.  If you want to 'ignore' this message, add the property to the namespace with ignore set to 'true'
2012-06-29 12:01:17,110 WARN  [org.andromda.core.configuration.Namespaces] WARNING! Namespaces 'default' and 'spring' have no property 'filterChainPreviousFilters' defined --> please define this property in AT LEAST ONE of these two namespaces.  If you want to 'ignore' this message, add the property to the namespace with ignore set to 'true'
2012-06-29 12:01:17,110 WARN  [org.andromda.core.configuration.Namespaces] WARNING! Namespaces 'default' and 'spring' have no property 'filterChainSubsequentFilters' defined --> please define this property in AT LEAST ONE of these two namespaces.  If you want to 'ignore' this message, add the property to the namespace with ignore set to 'true'
2012-06-29 12:01:17,110 WARN  [org.andromda.core.configuration.Namespaces] WARNING! Namespaces 'default' and 'spring' have no property 'filterChainWSPreviousFilters' defined --> please define this property in AT LEAST ONE of these two namespaces.  If you want to 'ignore' this message, add the property to the namespace with ignore set to 'true'
2012-06-29 12:01:17,110 WARN  [org.andromda.core.configuration.Namespaces] WARNING! Namespaces 'default' and 'spring' have no property 'filterChainWSSubsequentFilters' defined --> please define this property in AT LEAST ONE of these two namespaces.  If you want to 'ignore' this message, add the property to the namespace with ignore set to 'true'
2012-06-29 12:01:17,125 WARN  [org.andromda.core.configuration.Namespaces] WARNING! Namespaces 'default' and 'spring' have no property 'filterChainPreviousFilters' defined --> please define this property in AT LEAST ONE of these two namespaces.  If you want to 'ignore' this message, add the property to the namespace with ignore set to 'true'
2012-06-29 12:01:17,125 WARN  [org.andromda.core.configuration.Namespaces] WARNING! Namespaces 'default' and 'spring' have no property 'filterChainSubsequentFilters' defined --> please define this property in AT LEAST ONE of these two namespaces.  If you want to 'ignore' this message, add the property to the namespace with ignore set to 'true'
2012-06-29 12:01:17,125 WARN  [org.andromda.core.configuration.Namespaces] WARNING! Namespaces 'default' and 'spring' have no property 'filterChainWSPreviousFilters' defined --> please define this property in AT LEAST ONE of these two namespaces.  If you want to 'ignore' this message, add the property to the namespace with ignore set to 'true'
2012-06-29 12:01:17,125 WARN  [org.andromda.core.configuration.Namespaces] WARNING! Namespaces 'default' and 'spring' have no property 'filterChainWSSubsequentFilters' defined --> please define this property in AT LEAST ONE of these two namespaces.  If you want to 'ignore' this message, add the property to the namespace with ignore set to 'true'
2012-06-29 12:01:17,125 WARN  [org.andromda.core.configuration.Namespaces] WARNING! Namespaces 'default' and 'spring' have no property 'filterChainPreviousFilters' defined --> please define this property in AT LEAST ONE of these two namespaces.  If you want to 'ignore' this message, add the property to the namespace with ignore set to 'true'
2012-06-29 12:01:17,125 WARN  [org.andromda.core.configuration.Namespaces] WARNING! Namespaces 'default' and 'spring' have no property 'filterChainSubsequentFilters' defined --> please define this property in AT LEAST ONE of these two namespaces.  If you want to 'ignore' this message, add the property to the namespace with ignore set to 'true'
2012-06-29 12:01:17,125 WARN  [org.andromda.core.configuration.Namespaces] WARNING! Namespaces 'default' and 'spring' have no property 'filterChainWSPreviousFilters' defined --> please define this property in AT LEAST ONE of these two namespaces.  If you want to 'ignore' this message, add the property to the namespace with ignore set to 'true'
2012-06-29 12:01:17,125 WARN  [org.andromda.core.configuration.Namespaces] WARNING! Namespaces 'default' and 'spring' have no property 'filterChainWSSubsequentFilters' defined --> please define this property in AT LEAST ONE of these two namespaces.  If you want to 'ignore' this message, add the property to the namespace with ignore set to 'true'
2012-06-29 12:01:17,141 WARN  [org.andromda.core.configuration.Namespaces] WARNING! Namespaces 'default' and 'spring' have no property 'filterChainPreviousFilters' defined --> please define this property in AT LEAST ONE of these two namespaces.  If you want to 'ignore' this message, add the property to the namespace with ignore set to 'true'
2012-06-29 12:01:17,141 WARN  [org.andromda.core.configuration.Namespaces] WARNING! Namespaces 'default' and 'spring' have no property 'filterChainSubsequentFilters' defined --> please define this property in AT LEAST ONE of these two namespaces.  If you want to 'ignore' this message, add the property to the namespace with ignore set to 'true'
2012-06-29 12:01:17,141 WARN  [org.andromda.core.configuration.Namespaces] WARNING! Namespaces 'default' and 'spring' have no property 'filterChainWSPreviousFilters' defined --> please define this property in AT LEAST ONE of these two namespaces.  If you want to 'ignore' this message, add the property to the namespace with ignore set to 'true'
2012-06-29 12:01:17,141 WARN  [org.andromda.core.configuration.Namespaces] WARNING! Namespaces 'default' and 'spring' have no property 'filterChainWSSubsequentFilters' defined --> please define this property in AT LEAST ONE of these two namespaces.  If you want to 'ignore' this message, add the property to the namespace with ignore set to 'true'
2012-06-29 12:01:17,141 WARN  [org.andromda.core.configuration.Namespaces] WARNING! Namespaces 'default' and 'spring' have no property 'filterChainPreviousFilters' defined --> please define this property in AT LEAST ONE of these two namespaces.  If you want to 'ignore' this message, add the property to the namespace with ignore set to 'true'
2012-06-29 12:01:17,141 WARN  [org.andromda.core.configuration.Namespaces] WARNING! Namespaces 'default' and 'spring' have no property 'filterChainSubsequentFilters' defined --> please define this property in AT LEAST ONE of these two namespaces.  If you want to 'ignore' this message, add the property to the namespace with ignore set to 'true'
2012-06-29 12:01:17,141 WARN  [org.andromda.core.configuration.Namespaces] WARNING! Namespaces 'default' and 'spring' have no property 'filterChainWSPreviousFilters' defined --> please define this property in AT LEAST ONE of these two namespaces.  If you want to 'ignore' this message, add the property to the namespace with ignore set to 'true'
2012-06-29 12:01:17,141 WARN  [org.andromda.core.configuration.Namespaces] WARNING! Namespaces 'default' and 'spring' have no property 'filterChainWSSubsequentFilters' defined --> please define this property in AT LEAST ONE of these two namespaces.  If you want to 'ignore' this message, add the property to the namespace with ignore set to 'true'
2012-06-29 12:01:17,141 WARN  [org.andromda.core.configuration.Namespaces] WARNING! Namespaces 'default' and 'spring' have no property 'filterChainPreviousFilters' defined --> please define this property in AT LEAST ONE of these two namespaces.  If you want to 'ignore' this message, add the property to the namespace with ignore set to 'true'
2012-06-29 12:01:17,141 WARN  [org.andromda.core.configuration.Namespaces] WARNING! Namespaces 'default' and 'spring' have no property 'filterChainSubsequentFilters' defined --> please define this property in AT LEAST ONE of these two namespaces.  If you want to 'ignore' this message, add the property to the namespace with ignore set to 'true'
2012-06-29 12:01:17,141 WARN  [org.andromda.core.configuration.Namespaces] WARNING! Namespaces 'default' and 'spring' have no property 'filterChainWSPreviousFilters' defined --> please define this property in AT LEAST ONE of these two namespaces.  If you want to 'ignore' this message, add the property to the namespace with ignore set to 'true'
2012-06-29 12:01:17,141 WARN  [org.andromda.core.configuration.Namespaces] WARNING! Namespaces 'default' and 'spring' have no property 'filterChainWSSubsequentFilters' defined --> please define this property in AT LEAST ONE of these two namespaces.  If you want to 'ignore' this message, add the property to the namespace with ignore set to 'true'
2012-06-29 12:01:17,157 INFO  [AndroMDA:spring] Output: 'file:/C:/svn/desarrollo/04_Subsistemas/interfazJMX/mda/src/../../core/target/src/es/indra/agrega/jmx/PropiedadJmxServiceException.java'
2012-06-29 12:01:17,157 WARN  [org.andromda.core.configuration.Namespaces] WARNING! Namespaces 'default' and 'spring' have no property 'filterChainPreviousFilters' defined --> please define this property in AT LEAST ONE of these two namespaces.  If you want to 'ignore' this message, add the property to the namespace with ignore set to 'true'
2012-06-29 12:01:17,157 WARN  [org.andromda.core.configuration.Namespaces] WARNING! Namespaces 'default' and 'spring' have no property 'filterChainSubsequentFilters' defined --> please define this property in AT LEAST ONE of these two namespaces.  If you want to 'ignore' this message, add the property to the namespace with ignore set to 'true'
2012-06-29 12:01:17,157 WARN  [org.andromda.core.configuration.Namespaces] WARNING! Namespaces 'default' and 'spring' have no property 'filterChainWSPreviousFilters' defined --> please define this property in AT LEAST ONE of these two namespaces.  If you want to 'ignore' this message, add the property to the namespace with ignore set to 'true'
2012-06-29 12:01:17,157 WARN  [org.andromda.core.configuration.Namespaces] WARNING! Namespaces 'default' and 'spring' have no property 'filterChainWSSubsequentFilters' defined --> please define this property in AT LEAST ONE of these two namespaces.  If you want to 'ignore' this message, add the property to the namespace with ignore set to 'true'
2012-06-29 12:01:17,172 INFO  [AndroMDA:spring] Output: 'file:/C:/svn/desarrollo/04_Subsistemas/interfazJMX/mda/src/../../core/target/src/es/pode/configuracionPlataforma/servicios/SrvPropiedadServiceException.java'
2012-06-29 12:01:17,172 WARN  [org.andromda.core.configuration.Namespaces] WARNING! Namespaces 'default' and 'spring' have no property 'filterChainPreviousFilters' defined --> please define this property in AT LEAST ONE of these two namespaces.  If you want to 'ignore' this message, add the property to the namespace with ignore set to 'true'
2012-06-29 12:01:17,172 WARN  [org.andromda.core.configuration.Namespaces] WARNING! Namespaces 'default' and 'spring' have no property 'filterChainSubsequentFilters' defined --> please define this property in AT LEAST ONE of these two namespaces.  If you want to 'ignore' this message, add the property to the namespace with ignore set to 'true'
2012-06-29 12:01:17,172 WARN  [org.andromda.core.configuration.Namespaces] WARNING! Namespaces 'default' and 'spring' have no property 'filterChainWSPreviousFilters' defined --> please define this property in AT LEAST ONE of these two namespaces.  If you want to 'ignore' this message, add the property to the namespace with ignore set to 'true'
2012-06-29 12:01:17,172 WARN  [org.andromda.core.configuration.Namespaces] WARNING! Namespaces 'default' and 'spring' have no property 'filterChainWSSubsequentFilters' defined --> please define this property in AT LEAST ONE of these two namespaces.  If you want to 'ignore' this message, add the property to the namespace with ignore set to 'true'
2012-06-29 12:01:17,235 INFO  [AndroMDA:spring] Output: 'file:/C:/svn/desarrollo/04_Subsistemas/interfazJMX/mda/src/../../core/target/src/es/indra/agrega/jmx/PropiedadDao.java'
2012-06-29 12:01:17,250 WARN  [org.andromda.core.configuration.Namespaces] WARNING! Namespaces 'default' and 'spring' have no property 'filterChainPreviousFilters' defined --> please define this property in AT LEAST ONE of these two namespaces.  If you want to 'ignore' this message, add the property to the namespace with ignore set to 'true'
2012-06-29 12:01:17,250 WARN  [org.andromda.core.configuration.Namespaces] WARNING! Namespaces 'default' and 'spring' have no property 'filterChainSubsequentFilters' defined --> please define this property in AT LEAST ONE of these two namespaces.  If you want to 'ignore' this message, add the property to the namespace with ignore set to 'true'
2012-06-29 12:01:17,250 WARN  [org.andromda.core.configuration.Namespaces] WARNING! Namespaces 'default' and 'spring' have no property 'filterChainWSPreviousFilters' defined --> please define this property in AT LEAST ONE of these two namespaces.  If you want to 'ignore' this message, add the property to the namespace with ignore set to 'true'
2012-06-29 12:01:17,250 WARN  [org.andromda.core.configuration.Namespaces] WARNING! Namespaces 'default' and 'spring' have no property 'filterChainWSSubsequentFilters' defined --> please define this property in AT LEAST ONE of these two namespaces.  If you want to 'ignore' this message, add the property to the namespace with ignore set to 'true'
2012-06-29 12:01:17,344 INFO  [AndroMDA:spring] Output: 'file:/C:/svn/desarrollo/04_Subsistemas/interfazJMX/mda/src/../../core/target/src/es/indra/agrega/jmx/PropiedadDaoBase.java'
2012-06-29 12:01:17,360 WARN  [org.andromda.core.configuration.Namespaces] WARNING! Namespaces 'default' and 'spring' have no property 'filterChainPreviousFilters' defined --> please define this property in AT LEAST ONE of these two namespaces.  If you want to 'ignore' this message, add the property to the namespace with ignore set to 'true'
2012-06-29 12:01:17,360 WARN  [org.andromda.core.configuration.Namespaces] WARNING! Namespaces 'default' and 'spring' have no property 'filterChainSubsequentFilters' defined --> please define this property in AT LEAST ONE of these two namespaces.  If you want to 'ignore' this message, add the property to the namespace with ignore set to 'true'
2012-06-29 12:01:17,360 WARN  [org.andromda.core.configuration.Namespaces] WARNING! Namespaces 'default' and 'spring' have no property 'filterChainWSPreviousFilters' defined --> please define this property in AT LEAST ONE of these two namespaces.  If you want to 'ignore' this message, add the property to the namespace with ignore set to 'true'
2012-06-29 12:01:17,360 WARN  [org.andromda.core.configuration.Namespaces] WARNING! Namespaces 'default' and 'spring' have no property 'filterChainWSSubsequentFilters' defined --> please define this property in AT LEAST ONE of these two namespaces.  If you want to 'ignore' this message, add the property to the namespace with ignore set to 'true'
2012-06-29 12:01:17,391 WARN  [org.andromda.core.configuration.Namespaces] WARNING! Namespaces 'default' and 'spring' have no property 'filterChainPreviousFilters' defined --> please define this property in AT LEAST ONE of these two namespaces.  If you want to 'ignore' this message, add the property to the namespace with ignore set to 'true'
2012-06-29 12:01:17,391 WARN  [org.andromda.core.configuration.Namespaces] WARNING! Namespaces 'default' and 'spring' have no property 'filterChainSubsequentFilters' defined --> please define this property in AT LEAST ONE of these two namespaces.  If you want to 'ignore' this message, add the property to the namespace with ignore set to 'true'
2012-06-29 12:01:17,391 WARN  [org.andromda.core.configuration.Namespaces] WARNING! Namespaces 'default' and 'spring' have no property 'filterChainWSPreviousFilters' defined --> please define this property in AT LEAST ONE of these two namespaces.  If you want to 'ignore' this message, add the property to the namespace with ignore set to 'true'
2012-06-29 12:01:17,391 WARN  [org.andromda.core.configuration.Namespaces] WARNING! Namespaces 'default' and 'spring' have no property 'filterChainWSSubsequentFilters' defined --> please define this property in AT LEAST ONE of these two namespaces.  If you want to 'ignore' this message, add the property to the namespace with ignore set to 'true'
2012-06-29 12:01:17,422 INFO  [AndroMDA:spring] Output: 'file:/C:/svn/desarrollo/04_Subsistemas/interfazJMX/mda/src/../../core/target/src/applicationContext.xml'
2012-06-29 12:01:17,422 WARN  [org.andromda.core.configuration.Namespaces] WARNING! Namespaces 'default' and 'spring' have no property 'filterChainPreviousFilters' defined --> please define this property in AT LEAST ONE of these two namespaces.  If you want to 'ignore' this message, add the property to the namespace with ignore set to 'true'
2012-06-29 12:01:17,422 WARN  [org.andromda.core.configuration.Namespaces] WARNING! Namespaces 'default' and 'spring' have no property 'filterChainSubsequentFilters' defined --> please define this property in AT LEAST ONE of these two namespaces.  If you want to 'ignore' this message, add the property to the namespace with ignore set to 'true'
2012-06-29 12:01:17,422 WARN  [org.andromda.core.configuration.Namespaces] WARNING! Namespaces 'default' and 'spring' have no property 'filterChainWSPreviousFilters' defined --> please define this property in AT LEAST ONE of these two namespaces.  If you want to 'ignore' this message, add the property to the namespace with ignore set to 'true'
2012-06-29 12:01:17,422 WARN  [org.andromda.core.configuration.Namespaces] WARNING! Namespaces 'default' and 'spring' have no property 'filterChainWSSubsequentFilters' defined --> please define this property in AT LEAST ONE of these two namespaces.  If you want to 'ignore' this message, add the property to the namespace with ignore set to 'true'
2012-06-29 12:01:17,438 INFO  [AndroMDA:spring] Output: 'file:/C:/svn/desarrollo/04_Subsistemas/interfazJMX/mda/src/../../core/target/src/applicationContext-lopd.xml'
2012-06-29 12:01:17,438 WARN  [org.andromda.core.configuration.Namespaces] WARNING! Namespaces 'default' and 'spring' have no property 'filterChainPreviousFilters' defined --> please define this property in AT LEAST ONE of these two namespaces.  If you want to 'ignore' this message, add the property to the namespace with ignore set to 'true'
2012-06-29 12:01:17,438 WARN  [org.andromda.core.configuration.Namespaces] WARNING! Namespaces 'default' and 'spring' have no property 'filterChainSubsequentFilters' defined --> please define this property in AT LEAST ONE of these two namespaces.  If you want to 'ignore' this message, add the property to the namespace with ignore set to 'true'
2012-06-29 12:01:17,438 WARN  [org.andromda.core.configuration.Namespaces] WARNING! Namespaces 'default' and 'spring' have no property 'filterChainWSPreviousFilters' defined --> please define this property in AT LEAST ONE of these two namespaces.  If you want to 'ignore' this message, add the property to the namespace with ignore set to 'true'
2012-06-29 12:01:17,438 WARN  [org.andromda.core.configuration.Namespaces] WARNING! Namespaces 'default' and 'spring' have no property 'filterChainWSSubsequentFilters' defined --> please define this property in AT LEAST ONE of these two namespaces.  If you want to 'ignore' this message, add the property to the namespace with ignore set to 'true'
2012-06-29 12:01:17,454 WARN  [org.andromda.core.configuration.Namespaces] WARNING! Namespaces 'default' and 'spring' have no property 'filterChainPreviousFilters' defined --> please define this property in AT LEAST ONE of these two namespaces.  If you want to 'ignore' this message, add the property to the namespace with ignore set to 'true'
2012-06-29 12:01:17,454 WARN  [org.andromda.core.configuration.Namespaces] WARNING! Namespaces 'default' and 'spring' have no property 'filterChainSubsequentFilters' defined --> please define this property in AT LEAST ONE of these two namespaces.  If you want to 'ignore' this message, add the property to the namespace with ignore set to 'true'
2012-06-29 12:01:17,454 WARN  [org.andromda.core.configuration.Namespaces] WARNING! Namespaces 'default' and 'spring' have no property 'filterChainWSPreviousFilters' defined --> please define this property in AT LEAST ONE of these two namespaces.  If you want to 'ignore' this message, add the property to the namespace with ignore set to 'true'
2012-06-29 12:01:17,454 WARN  [org.andromda.core.configuration.Namespaces] WARNING! Namespaces 'default' and 'spring' have no property 'filterChainWSSubsequentFilters' defined --> please define this property in AT LEAST ONE of these two namespaces.  If you want to 'ignore' this message, add the property to the namespace with ignore set to 'true'
2012-06-29 12:01:17,485 INFO  [AndroMDA:spring] Output: 'file:/C:/svn/desarrollo/04_Subsistemas/interfazJMX/mda/src/../../core/src/test-resources/testContext.xml'
2012-06-29 12:01:17,485 WARN  [org.andromda.core.configuration.Namespaces] WARNING! Namespaces 'default' and 'spring' have no property 'filterChainPreviousFilters' defined --> please define this property in AT LEAST ONE of these two namespaces.  If you want to 'ignore' this message, add the property to the namespace with ignore set to 'true'
2012-06-29 12:01:17,485 WARN  [org.andromda.core.configuration.Namespaces] WARNING! Namespaces 'default' and 'spring' have no property 'filterChainSubsequentFilters' defined --> please define this property in AT LEAST ONE of these two namespaces.  If you want to 'ignore' this message, add the property to the namespace with ignore set to 'true'
2012-06-29 12:01:17,485 WARN  [org.andromda.core.configuration.Namespaces] WARNING! Namespaces 'default' and 'spring' have no property 'filterChainWSPreviousFilters' defined --> please define this property in AT LEAST ONE of these two namespaces.  If you want to 'ignore' this message, add the property to the namespace with ignore set to 'true'
2012-06-29 12:01:17,485 WARN  [org.andromda.core.configuration.Namespaces] WARNING! Namespaces 'default' and 'spring' have no property 'filterChainWSSubsequentFilters' defined --> please define this property in AT LEAST ONE of these two namespaces.  If you want to 'ignore' this message, add the property to the namespace with ignore set to 'true'
2012-06-29 12:01:17,516 WARN  [org.andromda.core.configuration.Namespaces] WARNING! Namespaces 'default' and 'spring' have no property 'filterChainPreviousFilters' defined --> please define this property in AT LEAST ONE of these two namespaces.  If you want to 'ignore' this message, add the property to the namespace with ignore set to 'true'
2012-06-29 12:01:17,516 WARN  [org.andromda.core.configuration.Namespaces] WARNING! Namespaces 'default' and 'spring' have no property 'filterChainSubsequentFilters' defined --> please define this property in AT LEAST ONE of these two namespaces.  If you want to 'ignore' this message, add the property to the namespace with ignore set to 'true'
2012-06-29 12:01:17,516 WARN  [org.andromda.core.configuration.Namespaces] WARNING! Namespaces 'default' and 'spring' have no property 'filterChainWSPreviousFilters' defined --> please define this property in AT LEAST ONE of these two namespaces.  If you want to 'ignore' this message, add the property to the namespace with ignore set to 'true'
2012-06-29 12:01:17,516 WARN  [org.andromda.core.configuration.Namespaces] WARNING! Namespaces 'default' and 'spring' have no property 'filterChainWSSubsequentFilters' defined --> please define this property in AT LEAST ONE of these two namespaces.  If you want to 'ignore' this message, add the property to the namespace with ignore set to 'true'
2012-06-29 12:01:17,563 INFO  [AndroMDA:spring] Output: 'file:/C:/svn/desarrollo/04_Subsistemas/interfazJMX/mda/src/../../core/src/test-resources/log4j.properties'
2012-06-29 12:01:17,579 WARN  [org.andromda.core.configuration.Namespaces] WARNING! Namespaces 'default' and 'spring' have no property 'filterChainPreviousFilters' defined --> please define this property in AT LEAST ONE of these two namespaces.  If you want to 'ignore' this message, add the property to the namespace with ignore set to 'true'
2012-06-29 12:01:17,579 WARN  [org.andromda.core.configuration.Namespaces] WARNING! Namespaces 'default' and 'spring' have no property 'filterChainSubsequentFilters' defined --> please define this property in AT LEAST ONE of these two namespaces.  If you want to 'ignore' this message, add the property to the namespace with ignore set to 'true'
2012-06-29 12:01:17,579 WARN  [org.andromda.core.configuration.Namespaces] WARNING! Namespaces 'default' and 'spring' have no property 'filterChainWSPreviousFilters' defined --> please define this property in AT LEAST ONE of these two namespaces.  If you want to 'ignore' this message, add the property to the namespace with ignore set to 'true'
2012-06-29 12:01:17,579 WARN  [org.andromda.core.configuration.Namespaces] WARNING! Namespaces 'default' and 'spring' have no property 'filterChainWSSubsequentFilters' defined --> please define this property in AT LEAST ONE of these two namespaces.  If you want to 'ignore' this message, add the property to the namespace with ignore set to 'true'
2012-06-29 12:01:17,579 INFO  [AndroMDA:spring] Output: 'file:/C:/svn/desarrollo/04_Subsistemas/interfazJMX/mda/src/../../core/target/src/applicationContext-dataSource.xml'
2012-06-29 12:01:17,594 WARN  [org.andromda.core.configuration.Namespaces] WARNING! Namespaces 'default' and 'spring' have no property 'filterChainPreviousFilters' defined --> please define this property in AT LEAST ONE of these two namespaces.  If you want to 'ignore' this message, add the property to the namespace with ignore set to 'true'
2012-06-29 12:01:17,594 WARN  [org.andromda.core.configuration.Namespaces] WARNING! Namespaces 'default' and 'spring' have no property 'filterChainSubsequentFilters' defined --> please define this property in AT LEAST ONE of these two namespaces.  If you want to 'ignore' this message, add the property to the namespace with ignore set to 'true'
2012-06-29 12:01:17,594 WARN  [org.andromda.core.configuration.Namespaces] WARNING! Namespaces 'default' and 'spring' have no property 'filterChainWSPreviousFilters' defined --> please define this property in AT LEAST ONE of these two namespaces.  If you want to 'ignore' this message, add the property to the namespace with ignore set to 'true'
2012-06-29 12:01:17,594 WARN  [org.andromda.core.configuration.Namespaces] WARNING! Namespaces 'default' and 'spring' have no property 'filterChainWSSubsequentFilters' defined --> please define this property in AT LEAST ONE of these two namespaces.  If you want to 'ignore' this message, add the property to the namespace with ignore set to 'true'
2012-06-29 12:01:17,594 INFO  [AndroMDA:spring] Output: 'file:/C:/svn/desarrollo/04_Subsistemas/interfazJMX/mda/src/../../core/target/src/applicationContext-localDataSource.xml'
2012-06-29 12:01:17,610 WARN  [org.andromda.core.configuration.Namespaces] WARNING! Namespaces 'default' and 'spring' have no property 'filterChainPreviousFilters' defined --> please define this property in AT LEAST ONE of these two namespaces.  If you want to 'ignore' this message, add the property to the namespace with ignore set to 'true'
2012-06-29 12:01:17,610 WARN  [org.andromda.core.configuration.Namespaces] WARNING! Namespaces 'default' and 'spring' have no property 'filterChainSubsequentFilters' defined --> please define this property in AT LEAST ONE of these two namespaces.  If you want to 'ignore' this message, add the property to the namespace with ignore set to 'true'
2012-06-29 12:01:17,610 WARN  [org.andromda.core.configuration.Namespaces] WARNING! Namespaces 'default' and 'spring' have no property 'filterChainWSPreviousFilters' defined --> please define this property in AT LEAST ONE of these two namespaces.  If you want to 'ignore' this message, add the property to the namespace with ignore set to 'true'
2012-06-29 12:01:17,610 WARN  [org.andromda.core.configuration.Namespaces] WARNING! Namespaces 'default' and 'spring' have no property 'filterChainWSSubsequentFilters' defined --> please define this property in AT LEAST ONE of these two namespaces.  If you want to 'ignore' this message, add the property to the namespace with ignore set to 'true'
2012-06-29 12:01:17,610 WARN  [org.andromda.core.configuration.Namespaces] WARNING! Namespaces 'default' and 'spring' have no property 'filterChainPreviousFilters' defined --> please define this property in AT LEAST ONE of these two namespaces.  If you want to 'ignore' this message, add the property to the namespace with ignore set to 'true'
2012-06-29 12:01:17,610 WARN  [org.andromda.core.configuration.Namespaces] WARNING! Namespaces 'default' and 'spring' have no property 'filterChainSubsequentFilters' defined --> please define this property in AT LEAST ONE of these two namespaces.  If you want to 'ignore' this message, add the property to the namespace with ignore set to 'true'
2012-06-29 12:01:17,610 WARN  [org.andromda.core.configuration.Namespaces] WARNING! Namespaces 'default' and 'spring' have no property 'filterChainWSPreviousFilters' defined --> please define this property in AT LEAST ONE of these two namespaces.  If you want to 'ignore' this message, add the property to the namespace with ignore set to 'true'
2012-06-29 12:01:17,610 WARN  [org.andromda.core.configuration.Namespaces] WARNING! Namespaces 'default' and 'spring' have no property 'filterChainWSSubsequentFilters' defined --> please define this property in AT LEAST ONE of these two namespaces.  If you want to 'ignore' this message, add the property to the namespace with ignore set to 'true'
2012-06-29 12:01:17,673 WARN  [org.andromda.core.configuration.Namespaces] WARNING! Namespaces 'default' and 'spring' have no property 'filterChainPreviousFilters' defined --> please define this property in AT LEAST ONE of these two namespaces.  If you want to 'ignore' this message, add the property to the namespace with ignore set to 'true'
2012-06-29 12:01:17,673 WARN  [org.andromda.core.configuration.Namespaces] WARNING! Namespaces 'default' and 'spring' have no property 'filterChainSubsequentFilters' defined --> please define this property in AT LEAST ONE of these two namespaces.  If you want to 'ignore' this message, add the property to the namespace with ignore set to 'true'
2012-06-29 12:01:17,673 WARN  [org.andromda.core.configuration.Namespaces] WARNING! Namespaces 'default' and 'spring' have no property 'filterChainWSPreviousFilters' defined --> please define this property in AT LEAST ONE of these two namespaces.  If you want to 'ignore' this message, add the property to the namespace with ignore set to 'true'
2012-06-29 12:01:17,673 WARN  [org.andromda.core.configuration.Namespaces] WARNING! Namespaces 'default' and 'spring' have no property 'filterChainWSSubsequentFilters' defined --> please define this property in AT LEAST ONE of these two namespaces.  If you want to 'ignore' this message, add the property to the namespace with ignore set to 'true'
2012-06-29 12:01:17,688 INFO  [AndroMDA:spring] Output: 'file:/C:/svn/desarrollo/04_Subsistemas/interfazJMX/mda/src/../../core/target/src/beanRefFactory.xml'
2012-06-29 12:01:17,688 WARN  [org.andromda.core.configuration.Namespaces] WARNING! Namespaces 'default' and 'spring' have no property 'filterChainPreviousFilters' defined --> please define this property in AT LEAST ONE of these two namespaces.  If you want to 'ignore' this message, add the property to the namespace with ignore set to 'true'
2012-06-29 12:01:17,688 WARN  [org.andromda.core.configuration.Namespaces] WARNING! Namespaces 'default' and 'spring' have no property 'filterChainSubsequentFilters' defined --> please define this property in AT LEAST ONE of these two namespaces.  If you want to 'ignore' this message, add the property to the namespace with ignore set to 'true'
2012-06-29 12:01:17,688 WARN  [org.andromda.core.configuration.Namespaces] WARNING! Namespaces 'default' and 'spring' have no property 'filterChainWSPreviousFilters' defined --> please define this property in AT LEAST ONE of these two namespaces.  If you want to 'ignore' this message, add the property to the namespace with ignore set to 'true'
2012-06-29 12:01:17,688 WARN  [org.andromda.core.configuration.Namespaces] WARNING! Namespaces 'default' and 'spring' have no property 'filterChainWSSubsequentFilters' defined --> please define this property in AT LEAST ONE of these two namespaces.  If you want to 'ignore' this message, add the property to the namespace with ignore set to 'true'
2012-06-29 12:01:17,704 INFO  [AndroMDA:spring] Output: 'file:/C:/svn/desarrollo/04_Subsistemas/interfazJMX/mda/src/../../core/target/src/es/indra/agrega/jmx/CriteriaSearch.java'
2012-06-29 12:01:17,704 WARN  [org.andromda.core.configuration.Namespaces] WARNING! Namespaces 'default' and 'spring' have no property 'filterChainPreviousFilters' defined --> please define this property in AT LEAST ONE of these two namespaces.  If you want to 'ignore' this message, add the property to the namespace with ignore set to 'true'
2012-06-29 12:01:17,704 WARN  [org.andromda.core.configuration.Namespaces] WARNING! Namespaces 'default' and 'spring' have no property 'filterChainSubsequentFilters' defined --> please define this property in AT LEAST ONE of these two namespaces.  If you want to 'ignore' this message, add the property to the namespace with ignore set to 'true'
2012-06-29 12:01:17,704 WARN  [org.andromda.core.configuration.Namespaces] WARNING! Namespaces 'default' and 'spring' have no property 'filterChainWSPreviousFilters' defined --> please define this property in AT LEAST ONE of these two namespaces.  If you want to 'ignore' this message, add the property to the namespace with ignore set to 'true'
2012-06-29 12:01:17,704 WARN  [org.andromda.core.configuration.Namespaces] WARNING! Namespaces 'default' and 'spring' have no property 'filterChainWSSubsequentFilters' defined --> please define this property in AT LEAST ONE of these two namespaces.  If you want to 'ignore' this message, add the property to the namespace with ignore set to 'true'
2012-06-29 12:01:17,720 INFO  [AndroMDA:spring] Output: 'file:/C:/svn/desarrollo/04_Subsistemas/interfazJMX/mda/src/../../core/target/src/es/indra/agrega/jmx/CriteriaSearchProperties.java'
2012-06-29 12:01:17,720 WARN  [org.andromda.core.configuration.Namespaces] WARNING! Namespaces 'default' and 'spring' have no property 'filterChainPreviousFilters' defined --> please define this property in AT LEAST ONE of these two namespaces.  If you want to 'ignore' this message, add the property to the namespace with ignore set to 'true'
2012-06-29 12:01:17,720 WARN  [org.andromda.core.configuration.Namespaces] WARNING! Namespaces 'default' and 'spring' have no property 'filterChainSubsequentFilters' defined --> please define this property in AT LEAST ONE of these two namespaces.  If you want to 'ignore' this message, add the property to the namespace with ignore set to 'true'
2012-06-29 12:01:17,720 WARN  [org.andromda.core.configuration.Namespaces] WARNING! Namespaces 'default' and 'spring' have no property 'filterChainWSPreviousFilters' defined --> please define this property in AT LEAST ONE of these two namespaces.  If you want to 'ignore' this message, add the property to the namespace with ignore set to 'true'
2012-06-29 12:01:17,720 WARN  [org.andromda.core.configuration.Namespaces] WARNING! Namespaces 'default' and 'spring' have no property 'filterChainWSSubsequentFilters' defined --> please define this property in AT LEAST ONE of these two namespaces.  If you want to 'ignore' this message, add the property to the namespace with ignore set to 'true'
2012-06-29 12:01:17,735 INFO  [AndroMDA:spring] Output: 'file:/C:/svn/desarrollo/04_Subsistemas/interfazJMX/mda/src/../../core/target/src/es/indra/agrega/jmx/CriteriaSearchConfiguration.java'
2012-06-29 12:01:17,735 WARN  [org.andromda.core.configuration.Namespaces] WARNING! Namespaces 'default' and 'spring' have no property 'filterChainPreviousFilters' defined --> please define this property in AT LEAST ONE of these two namespaces.  If you want to 'ignore' this message, add the property to the namespace with ignore set to 'true'
2012-06-29 12:01:17,735 WARN  [org.andromda.core.configuration.Namespaces] WARNING! Namespaces 'default' and 'spring' have no property 'filterChainSubsequentFilters' defined --> please define this property in AT LEAST ONE of these two namespaces.  If you want to 'ignore' this message, add the property to the namespace with ignore set to 'true'
2012-06-29 12:01:17,735 WARN  [org.andromda.core.configuration.Namespaces] WARNING! Namespaces 'default' and 'spring' have no property 'filterChainWSPreviousFilters' defined --> please define this property in AT LEAST ONE of these two namespaces.  If you want to 'ignore' this message, add the property to the namespace with ignore set to 'true'
2012-06-29 12:01:17,735 WARN  [org.andromda.core.configuration.Namespaces] WARNING! Namespaces 'default' and 'spring' have no property 'filterChainWSSubsequentFilters' defined --> please define this property in AT LEAST ONE of these two namespaces.  If you want to 'ignore' this message, add the property to the namespace with ignore set to 'true'
2012-06-29 12:01:17,766 INFO  [AndroMDA:spring] Output: 'file:/C:/svn/desarrollo/04_Subsistemas/interfazJMX/mda/src/../../core/target/src/es/indra/agrega/jmx/CriteriaSearchParameter.java'
2012-06-29 12:01:17,798 WARN  [org.andromda.core.configuration.Namespaces] WARNING! Namespaces 'default' and 'spring' have no property 'filterChainPreviousFilters' defined --> please define this property in AT LEAST ONE of these two namespaces.  If you want to 'ignore' this message, add the property to the namespace with ignore set to 'true'
2012-06-29 12:01:17,798 WARN  [org.andromda.core.configuration.Namespaces] WARNING! Namespaces 'default' and 'spring' have no property 'filterChainSubsequentFilters' defined --> please define this property in AT LEAST ONE of these two namespaces.  If you want to 'ignore' this message, add the property to the namespace with ignore set to 'true'
2012-06-29 12:01:17,798 WARN  [org.andromda.core.configuration.Namespaces] WARNING! Namespaces 'default' and 'spring' have no property 'filterChainWSPreviousFilters' defined --> please define this property in AT LEAST ONE of these two namespaces.  If you want to 'ignore' this message, add the property to the namespace with ignore set to 'true'
2012-06-29 12:01:17,798 WARN  [org.andromda.core.configuration.Namespaces] WARNING! Namespaces 'default' and 'spring' have no property 'filterChainWSSubsequentFilters' defined --> please define this property in AT LEAST ONE of these two namespaces.  If you want to 'ignore' this message, add the property to the namespace with ignore set to 'true'
2012-06-29 12:01:17,813 INFO  [AndroMDA:spring] Output: 'file:/C:/svn/desarrollo/04_Subsistemas/interfazJMX/mda/src/../../core/target/src/applicationContext-acegiSecurity.xml'
2012-06-29 12:01:17,813 WARN  [org.andromda.core.configuration.Namespaces] WARNING! Namespaces 'default' and 'spring' have no property 'filterChainPreviousFilters' defined --> please define this property in AT LEAST ONE of these two namespaces.  If you want to 'ignore' this message, add the property to the namespace with ignore set to 'true'
2012-06-29 12:01:17,813 WARN  [org.andromda.core.configuration.Namespaces] WARNING! Namespaces 'default' and 'spring' have no property 'filterChainSubsequentFilters' defined --> please define this property in AT LEAST ONE of these two namespaces.  If you want to 'ignore' this message, add the property to the namespace with ignore set to 'true'
2012-06-29 12:01:17,813 WARN  [org.andromda.core.configuration.Namespaces] WARNING! Namespaces 'default' and 'spring' have no property 'filterChainWSPreviousFilters' defined --> please define this property in AT LEAST ONE of these two namespaces.  If you want to 'ignore' this message, add the property to the namespace with ignore set to 'true'
2012-06-29 12:01:17,813 WARN  [org.andromda.core.configuration.Namespaces] WARNING! Namespaces 'default' and 'spring' have no property 'filterChainWSSubsequentFilters' defined --> please define this property in AT LEAST ONE of these two namespaces.  If you want to 'ignore' this message, add the property to the namespace with ignore set to 'true'
2012-06-29 12:01:17,829 INFO  [AndroMDA:spring] Output: 'file:/C:/svn/desarrollo/04_Subsistemas/interfazJMX/mda/src/../../core/target/src/deployerConfigContext.xml'
2012-06-29 12:01:17,829 WARN  [org.andromda.core.configuration.Namespaces] WARNING! Namespaces 'default' and 'spring' have no property 'filterChainPreviousFilters' defined --> please define this property in AT LEAST ONE of these two namespaces.  If you want to 'ignore' this message, add the property to the namespace with ignore set to 'true'
2012-06-29 12:01:17,829 WARN  [org.andromda.core.configuration.Namespaces] WARNING! Namespaces 'default' and 'spring' have no property 'filterChainSubsequentFilters' defined --> please define this property in AT LEAST ONE of these two namespaces.  If you want to 'ignore' this message, add the property to the namespace with ignore set to 'true'
2012-06-29 12:01:17,829 WARN  [org.andromda.core.configuration.Namespaces] WARNING! Namespaces 'default' and 'spring' have no property 'filterChainWSPreviousFilters' defined --> please define this property in AT LEAST ONE of these two namespaces.  If you want to 'ignore' this message, add the property to the namespace with ignore set to 'true'
2012-06-29 12:01:17,829 WARN  [org.andromda.core.configuration.Namespaces] WARNING! Namespaces 'default' and 'spring' have no property 'filterChainWSSubsequentFilters' defined --> please define this property in AT LEAST ONE of these two namespaces.  If you want to 'ignore' this message, add the property to the namespace with ignore set to 'true'
2012-06-29 12:01:17,845 INFO  [AndroMDA:spring] Output: 'file:/C:/svn/desarrollo/04_Subsistemas/interfazJMX/mda/src/../../core/target/src/defaultDozerMappings.xml'
2012-06-29 12:01:17,845 WARN  [org.andromda.core.configuration.Namespaces] WARNING! Namespaces 'default' and 'spring' have no property 'filterChainPreviousFilters' defined --> please define this property in AT LEAST ONE of these two namespaces.  If you want to 'ignore' this message, add the property to the namespace with ignore set to 'true'
2012-06-29 12:01:17,845 WARN  [org.andromda.core.configuration.Namespaces] WARNING! Namespaces 'default' and 'spring' have no property 'filterChainSubsequentFilters' defined --> please define this property in AT LEAST ONE of these two namespaces.  If you want to 'ignore' this message, add the property to the namespace with ignore set to 'true'
2012-06-29 12:01:17,845 WARN  [org.andromda.core.configuration.Namespaces] WARNING! Namespaces 'default' and 'spring' have no property 'filterChainWSPreviousFilters' defined --> please define this property in AT LEAST ONE of these two namespaces.  If you want to 'ignore' this message, add the property to the namespace with ignore set to 'true'
2012-06-29 12:01:17,845 WARN  [org.andromda.core.configuration.Namespaces] WARNING! Namespaces 'default' and 'spring' have no property 'filterChainWSSubsequentFilters' defined --> please define this property in AT LEAST ONE of these two namespaces.  If you want to 'ignore' this message, add the property to the namespace with ignore set to 'true'
2012-06-29 12:01:17,860 INFO  [AndroMDA:spring] Output: 'file:/C:/svn/desarrollo/04_Subsistemas/interfazJMX/mda/src/../../core/target/src/applicationContext-jmx.xml'
2012-06-29 12:01:17,860 WARN  [org.andromda.core.configuration.Namespaces] WARNING! Namespaces 'default' and 'spring' have no property 'filterChainPreviousFilters' defined --> please define this property in AT LEAST ONE of these two namespaces.  If you want to 'ignore' this message, add the property to the namespace with ignore set to 'true'
2012-06-29 12:01:17,860 WARN  [org.andromda.core.configuration.Namespaces] WARNING! Namespaces 'default' and 'spring' have no property 'filterChainSubsequentFilters' defined --> please define this property in AT LEAST ONE of these two namespaces.  If you want to 'ignore' this message, add the property to the namespace with ignore set to 'true'
2012-06-29 12:01:17,860 WARN  [org.andromda.core.configuration.Namespaces] WARNING! Namespaces 'default' and 'spring' have no property 'filterChainWSPreviousFilters' defined --> please define this property in AT LEAST ONE of these two namespaces.  If you want to 'ignore' this message, add the property to the namespace with ignore set to 'true'
2012-06-29 12:01:17,860 WARN  [org.andromda.core.configuration.Namespaces] WARNING! Namespaces 'default' and 'spring' have no property 'filterChainWSSubsequentFilters' defined --> please define this property in AT LEAST ONE of these two namespaces.  If you want to 'ignore' this message, add the property to the namespace with ignore set to 'true'
2012-06-29 12:01:17,876 INFO  [AndroMDA:spring] Output: 'file:/C:/svn/desarrollo/04_Subsistemas/interfazJMX/mda/src/../../core/target/src/oa3_jmx_echo_buffer_email_sms_log4j.xml'
2012-06-29 12:01:17,876 WARN  [org.andromda.core.configuration.Namespaces] WARNING! Namespaces 'default' and 'spring' have no property 'filterChainPreviousFilters' defined --> please define this property in AT LEAST ONE of these two namespaces.  If you want to 'ignore' this message, add the property to the namespace with ignore set to 'true'
2012-06-29 12:01:17,876 WARN  [org.andromda.core.configuration.Namespaces] WARNING! Namespaces 'default' and 'spring' have no property 'filterChainSubsequentFilters' defined --> please define this property in AT LEAST ONE of these two namespaces.  If you want to 'ignore' this message, add the property to the namespace with ignore set to 'true'
2012-06-29 12:01:17,876 WARN  [org.andromda.core.configuration.Namespaces] WARNING! Namespaces 'default' and 'spring' have no property 'filterChainWSPreviousFilters' defined --> please define this property in AT LEAST ONE of these two namespaces.  If you want to 'ignore' this message, add the property to the namespace with ignore set to 'true'
2012-06-29 12:01:17,876 WARN  [org.andromda.core.configuration.Namespaces] WARNING! Namespaces 'default' and 'spring' have no property 'filterChainWSSubsequentFilters' defined --> please define this property in AT LEAST ONE of these two namespaces.  If you want to 'ignore' this message, add the property to the namespace with ignore set to 'true'
2012-06-29 12:01:17,876 WARN  [org.andromda.core.configuration.Namespaces] WARNING! Namespaces 'default' and 'spring' have no property 'filterChainPreviousFilters' defined --> please define this property in AT LEAST ONE of these two namespaces.  If you want to 'ignore' this message, add the property to the namespace with ignore set to 'true'
2012-06-29 12:01:17,876 WARN  [org.andromda.core.configuration.Namespaces] WARNING! Namespaces 'default' and 'spring' have no property 'filterChainSubsequentFilters' defined --> please define this property in AT LEAST ONE of these two namespaces.  If you want to 'ignore' this message, add the property to the namespace with ignore set to 'true'
2012-06-29 12:01:17,876 WARN  [org.andromda.core.configuration.Namespaces] WARNING! Namespaces 'default' and 'spring' have no property 'filterChainWSPreviousFilters' defined --> please define this property in AT LEAST ONE of these two namespaces.  If you want to 'ignore' this message, add the property to the namespace with ignore set to 'true'
2012-06-29 12:01:17,876 WARN  [org.andromda.core.configuration.Namespaces] WARNING! Namespaces 'default' and 'spring' have no property 'filterChainWSSubsequentFilters' defined --> please define this property in AT LEAST ONE of these two namespaces.  If you want to 'ignore' this message, add the property to the namespace with ignore set to 'true'
2012-06-29 12:01:17,876 WARN  [org.andromda.core.configuration.Namespaces] WARNING! Namespaces 'default' and 'spring' have no property 'filterChainPreviousFilters' defined --> please define this property in AT LEAST ONE of these two namespaces.  If you want to 'ignore' this message, add the property to the namespace with ignore set to 'true'
2012-06-29 12:01:17,876 WARN  [org.andromda.core.configuration.Namespaces] WARNING! Namespaces 'default' and 'spring' have no property 'filterChainSubsequentFilters' defined --> please define this property in AT LEAST ONE of these two namespaces.  If you want to 'ignore' this message, add the property to the namespace with ignore set to 'true'
2012-06-29 12:01:17,876 WARN  [org.andromda.core.configuration.Namespaces] WARNING! Namespaces 'default' and 'spring' have no property 'filterChainWSPreviousFilters' defined --> please define this property in AT LEAST ONE of these two namespaces.  If you want to 'ignore' this message, add the property to the namespace with ignore set to 'true'
2012-06-29 12:01:17,876 WARN  [org.andromda.core.configuration.Namespaces] WARNING! Namespaces 'default' and 'spring' have no property 'filterChainWSSubsequentFilters' defined --> please define this property in AT LEAST ONE of these two namespaces.  If you want to 'ignore' this message, add the property to the namespace with ignore set to 'true'
2012-06-29 12:01:17,923 WARN  [org.andromda.core.configuration.Namespaces] WARNING! Namespaces 'default' and 'hibernate' have no property 'configuration' defined --> please define this property in AT LEAST ONE of these two namespaces.  If you want to 'ignore' this message, add the property to the namespace with ignore set to 'true'
2012-06-29 12:01:18,001 INFO  [AndroMDA:hibernate] Output: 'file:/C:/svn/desarrollo/04_Subsistemas/interfazJMX/mda/src/../../core/target/src/es/indra/agrega/jmx/Propiedad.hbm.xml'
2012-06-29 12:01:18,017 WARN  [org.andromda.core.configuration.Namespaces] WARNING! Namespaces 'default' and 'hibernate' have no property 'configuration' defined --> please define this property in AT LEAST ONE of these two namespaces.  If you want to 'ignore' this message, add the property to the namespace with ignore set to 'true'
2012-06-29 12:01:18,048 INFO  [AndroMDA:hibernate] Output: 'file:/C:/svn/desarrollo/04_Subsistemas/interfazJMX/mda/src/../../core/target/src/es/indra/agrega/jmx/Propiedad.hbm.xml'
2012-06-29 12:01:18,111 INFO  [AndroMDA:hibernate] Output: 'file:/C:/svn/desarrollo/04_Subsistemas/interfazJMX/mda/src/../../core/target/src/es/indra/agrega/jmx/Propiedad.java'
2012-06-29 12:01:18,126 INFO  [AndroMDA:hibernate] Output: 'file:/C:/svn/desarrollo/04_Subsistemas/interfazJMX/mda/src/../../core/target/src/es/indra/agrega/jmx/PropiedadImpl.java'
2012-06-29 12:01:18,142 INFO  [AndroMDA:hibernate] Output: 'file:/C:/svn/desarrollo/04_Subsistemas/interfazJMX/mda/src/../../core/target/src/org/andromda/persistence/hibernate/usertypes/HibernateByteBlobType.java'
2012-06-29 12:01:18,157 INFO  [AndroMDA:hibernate] Output: 'file:/C:/svn/desarrollo/04_Subsistemas/interfazJMX/mda/src/../../core/target/src/org/andromda/persistence/hibernate/usertypes/HibernateStringClobType.java'
2012-06-29 12:01:18,189 WARN  [org.andromda.core.configuration.Namespaces] WARNING! Namespaces 'default' and 'hibernate' have no property 'configuration' defined --> please define this property in AT LEAST ONE of these two namespaces.  If you want to 'ignore' this message, add the property to the namespace with ignore set to 'true'
2012-06-29 12:01:18,705 INFO  [AndroMDA:webservice] Output: 'file:/C:/svn/desarrollo/04_Subsistemas/interfazJMX/mda/src/../../web/target/src/WEB-INF/classes/es/pode/configuracionPlataforma/servicios/SrvPropiedadService.wsdl'
2012-06-29 12:01:18,720 INFO  [AndroMDA:webservice] Output: 'file:/C:/svn/desarrollo/04_Subsistemas/interfazJMX/mda/src/../../web/target/src/WEB-INF/web.xml'
2012-06-29 12:01:18,752 INFO  [AndroMDA:webservice] Output: 'file:/C:/svn/desarrollo/04_Subsistemas/interfazJMX/mda/src/../../web/target/src/WEB-INF/server-config.wsdd'
2012-06-29 12:01:18,783 INFO  [AndroMDA:webservice] Output: 'file:/C:/svn/desarrollo/04_Subsistemas/interfazJMX/mda/src/../../web/target/src/WEB-INF/classes/client-config.wsdd'
2012-06-29 12:01:18,877 INFO  [AndroMDA:java] Output: 'file:/C:/svn/desarrollo/04_Subsistemas/interfazJMX/mda/src/../../common/target/src/es/indra/agrega/jmx/PropiedadVO.java'
2012-06-29 12:01:18,986 INFO  [AndroMDA:bpm4struts] Output: 'file:/C:/svn/desarrollo/04_Subsistemas/interfazJMX/mda/src/../../web/target/src/layout/ascending.gif'
2012-06-29 12:01:18,986 INFO  [AndroMDA:bpm4struts] Output: 'file:/C:/svn/desarrollo/04_Subsistemas/interfazJMX/mda/src/../../web/target/src/layout/breadcrumb.gif'
2012-06-29 12:01:19,033 INFO  [AndroMDA:bpm4struts] Output: 'file:/C:/svn/desarrollo/04_Subsistemas/interfazJMX/mda/src/../../web/target/src/layout/confirm.jsp'
2012-06-29 12:01:19,033 INFO  [AndroMDA:bpm4struts] Output: 'file:/C:/svn/desarrollo/04_Subsistemas/interfazJMX/mda/src/../../web/target/src/layout/csv.gif'
2012-06-29 12:01:19,127 INFO  [AndroMDA:bpm4struts] Output: 'file:/C:/svn/desarrollo/04_Subsistemas/interfazJMX/mda/src/../../web/target/src/layout/default-calendar.css'
2012-06-29 12:01:19,174 INFO  [AndroMDA:bpm4struts] Output: 'file:/C:/svn/desarrollo/04_Subsistemas/interfazJMX/mda/src/../../web/target/src/layout/default-manageable-toolbar.css'
2012-06-29 12:01:19,237 INFO  [AndroMDA:bpm4struts] Output: 'file:/C:/svn/desarrollo/04_Subsistemas/interfazJMX/mda/src/../../web/target/src/layout/default.css'
2012-06-29 12:01:19,252 INFO  [AndroMDA:bpm4struts] Output: 'file:/C:/svn/desarrollo/04_Subsistemas/interfazJMX/mda/src/../../web/target/src/layout/descending.gif'
2012-06-29 12:01:19,252 INFO  [AndroMDA:bpm4struts] Output: 'file:/C:/svn/desarrollo/04_Subsistemas/interfazJMX/mda/src/../../web/target/src/layout/excel.gif'
2012-06-29 12:01:19,268 INFO  [AndroMDA:bpm4struts] Output: 'file:/C:/svn/desarrollo/04_Subsistemas/interfazJMX/mda/src/../../web/target/src/layout/help.gif'
2012-06-29 12:01:19,315 INFO  [AndroMDA:bpm4struts] Output: 'file:/C:/svn/desarrollo/04_Subsistemas/interfazJMX/mda/src/../../web/target/src/layout/hints.js'
2012-06-29 12:01:19,330 INFO  [AndroMDA:bpm4struts] Output: 'file:/C:/svn/desarrollo/04_Subsistemas/interfazJMX/mda/src/../../web/target/src/layout/ibuilder-common.js'
2012-06-29 12:01:19,346 INFO  [AndroMDA:bpm4struts] Output: 'file:/C:/svn/desarrollo/04_Subsistemas/interfazJMX/mda/src/../../web/target/src/layout/ibuilder-domain.js'
2012-06-29 12:01:19,377 INFO  [AndroMDA:bpm4struts] Output: 'file:/C:/svn/desarrollo/04_Subsistemas/interfazJMX/mda/src/../../web/target/src/layout/key-events.js'
2012-06-29 12:01:19,393 INFO  [AndroMDA:bpm4struts] Output: 'file:/C:/svn/desarrollo/04_Subsistemas/interfazJMX/mda/src/../../web/target/src/layout/layout-common.js'
2012-06-29 12:01:19,424 INFO  [AndroMDA:bpm4struts] Output: 'file:/C:/svn/desarrollo/04_Subsistemas/interfazJMX/mda/src/../../web/target/src/layout/logo_indra.gif'
2012-06-29 12:01:19,424 INFO  [AndroMDA:bpm4struts] Output: 'file:/C:/svn/desarrollo/04_Subsistemas/interfazJMX/mda/src/../../web/target/src/layout/none.gif'
2012-06-29 12:01:19,440 INFO  [AndroMDA:bpm4struts] Output: 'file:/C:/svn/desarrollo/04_Subsistemas/interfazJMX/mda/src/../../web/target/src/layout/pdf.gif'
2012-06-29 12:01:19,440 INFO  [AndroMDA:bpm4struts] Output: 'file:/C:/svn/desarrollo/04_Subsistemas/interfazJMX/mda/src/../../web/target/src/layout/warning.gif'
2012-06-29 12:01:19,455 INFO  [AndroMDA:bpm4struts] Output: 'file:/C:/svn/desarrollo/04_Subsistemas/interfazJMX/mda/src/../../web/target/src/layout/xml.gif'
2012-06-29 12:01:19,455 INFO  [AndroMDA:bpm4struts] Output: 'file:/C:/svn/desarrollo/04_Subsistemas/interfazJMX/mda/src/../../web/target/src/layout/calendar/calendar.gif'
2012-06-29 12:01:19,455 INFO  [AndroMDA:bpm4struts] Output: 'file:/C:/svn/desarrollo/04_Subsistemas/interfazJMX/mda/src/../../web/target/src/layout/calendar/menuarrow.gif'
2012-06-29 12:01:19,502 INFO  [AndroMDA:bpm4struts] Output: 'file:/C:/svn/desarrollo/04_Subsistemas/interfazJMX/mda/src/../../web/target/src/layout/js-ajax/ajaxtags.css'
2012-06-29 12:01:19,815 INFO  [AndroMDA:bpm4struts] Output: 'file:/C:/svn/desarrollo/04_Subsistemas/interfazJMX/mda/src/../../web/target/src/layout/js-ajax/ajaxtags.js'
2012-06-29 12:01:20,034 INFO  [AndroMDA:bpm4struts] Output: 'file:/C:/svn/desarrollo/04_Subsistemas/interfazJMX/mda/src/../../web/target/src/layout/js-ajax/controls.js'
2012-06-29 12:01:20,316 INFO  [AndroMDA:bpm4struts] Output: 'file:/C:/svn/desarrollo/04_Subsistemas/interfazJMX/mda/src/../../web/target/src/layout/js-ajax/effects.js'
2012-06-29 12:01:20,566 INFO  [AndroMDA:bpm4struts] Output: 'file:/C:/svn/desarrollo/04_Subsistemas/interfazJMX/mda/src/../../web/target/src/layout/js-ajax/overlibmws.js'
2012-06-29 12:01:20,597 INFO  [AndroMDA:bpm4struts] Output: 'file:/C:/svn/desarrollo/04_Subsistemas/interfazJMX/mda/src/../../web/target/src/layout/js-ajax/scriptaculous.js'
2012-06-29 12:01:21,051 INFO  [AndroMDA:bpm4struts] Output: 'file:/C:/svn/desarrollo/04_Subsistemas/interfazJMX/mda/src/../../web/target/src/layout/js-common/prototype.js'
2012-06-29 12:01:21,051 INFO  [AndroMDA:bpm4struts] Output: 'file:/C:/svn/desarrollo/04_Subsistemas/interfazJMX/mda/src/../../web/target/src/layout/images/btnCaptCerrarN.gif'
2012-06-29 12:01:21,082 INFO  [AndroMDA:bpm4struts] Output: 'file:/C:/svn/desarrollo/04_Subsistemas/interfazJMX/mda/src/../../web/target/src/layout/images/indicator.gif'
2012-06-29 12:01:21,098 INFO  [AndroMDA:bpm4struts] Output: 'file:/C:/svn/desarrollo/04_Subsistemas/interfazJMX/mda/src/../../web/target/src/layout/submodal/loading.html'
2012-06-29 12:01:21,113 INFO  [AndroMDA:bpm4struts] Output: 'file:/C:/svn/desarrollo/04_Subsistemas/interfazJMX/mda/src/../../web/target/src/layout/submodal/submodal-common.js'
2012-06-29 12:01:21,145 INFO  [AndroMDA:bpm4struts] Output: 'file:/C:/svn/desarrollo/04_Subsistemas/interfazJMX/mda/src/../../web/target/src/layout/submodal/subModal.css'
2012-06-29 12:01:21,223 INFO  [AndroMDA:bpm4struts] Output: 'file:/C:/svn/desarrollo/04_Subsistemas/interfazJMX/mda/src/../../web/target/src/layout/submodal/subModal.js'
2012-06-29 12:01:21,317 INFO  [AndroMDA:bpm4struts] Output: 'file:/C:/svn/desarrollo/04_Subsistemas/interfazJMX/mda/src/../../web/target/src/WEB-INF/lib/andromda-breadcrumbs-taglib.jar'
2012-06-29 12:01:21,348 INFO  [AndroMDA:bpm4struts] Output: 'file:/C:/svn/desarrollo/04_Subsistemas/interfazJMX/mda/src/../../web/target/src/WEB-INF/lib/andromda-collections-taglib.jar'
2012-06-29 12:01:21,395 INFO  [AndroMDA:bpm4struts] Output: 'file:/C:/svn/desarrollo/04_Subsistemas/interfazJMX/mda/src/../../web/target/src/WEB-INF/lib/andromda-formatting-taglib.jar'
2012-06-29 12:01:21,442 INFO  [AndroMDA:bpm4struts] Output: 'file:/C:/svn/desarrollo/04_Subsistemas/interfazJMX/mda/src/../../web/target/src/org/andromda/presentation/bpm4struts/PatternMatchingExceptionHandler.java'
2012-06-29 12:01:21,489 INFO  [AndroMDA:bpm4struts] Output: 'file:/C:/svn/desarrollo/04_Subsistemas/interfazJMX/mda/src/../../web/target/src/error-page.jsp'
2012-06-29 12:01:21,582 INFO  [AndroMDA:bpm4struts] Output: 'file:/C:/svn/desarrollo/04_Subsistemas/interfazJMX/mda/src/../../web/target/src/org/andromda/presentation/bpm4struts/StrutsValidator.java'
2012-06-29 12:01:21,598 INFO  [AndroMDA:bpm4struts] Output: 'file:/C:/svn/desarrollo/04_Subsistemas/interfazJMX/mda/src/../../web/target/src/index.jsp'
2012-06-29 12:01:21,645 INFO  [AndroMDA:bpm4struts] Output: 'file:/C:/svn/desarrollo/04_Subsistemas/interfazJMX/mda/src/../../web/target/src/WEB-INF/classes/application-resources.properties'
2012-06-29 12:01:21,739 INFO  [AndroMDA:bpm4struts] Output: 'file:/C:/svn/desarrollo/04_Subsistemas/interfazJMX/mda/src/../../web/target/src/WEB-INF/classes/displaytag.properties'
2012-06-29 12:01:21,786 INFO  [AndroMDA:bpm4struts] Output: 'file:/C:/svn/desarrollo/04_Subsistemas/interfazJMX/mda/src/../../web/target/src/WEB-INF/web.xml'
2012-06-29 12:01:21,801 INFO  [AndroMDA:bpm4struts] Output: 'file:/C:/svn/desarrollo/04_Subsistemas/interfazJMX/mda/src/../../web/target/src/org/andromda/presentation/bpm4struts/ActionServlet.java'
2012-06-29 12:01:21,833 INFO  [AndroMDA:bpm4struts] Output: 'file:/C:/svn/desarrollo/04_Subsistemas/interfazJMX/mda/src/../../web/target/src/login/login-form.jsp'
2012-06-29 12:01:21,864 INFO  [AndroMDA:bpm4struts] Output: 'file:/C:/svn/desarrollo/04_Subsistemas/interfazJMX/mda/src/../../web/target/src/layout/menu.jsp'
2012-06-29 12:01:21,926 INFO  [AndroMDA:bpm4struts] Output: 'file:/C:/svn/desarrollo/04_Subsistemas/interfazJMX/mda/src/../../web/target/src/layout/main-layout.jsp'
2012-06-29 12:01:21,942 INFO  [AndroMDA:bpm4struts] Output: 'file:/C:/svn/desarrollo/04_Subsistemas/interfazJMX/mda/src/../../web/target/src/WEB-INF/tiles-defs.xml'
2012-06-29 12:01:21,973 INFO  [AndroMDA:bpm4struts] Output: 'file:/C:/svn/desarrollo/04_Subsistemas/interfazJMX/mda/src/../../web/target/src/WEB-INF/struts-config.xml'
2012-06-29 12:01:22,005 INFO  [AndroMDA:bpm4struts] Output: 'file:/C:/svn/desarrollo/04_Subsistemas/interfazJMX/mda/src/../../web/target/src/WEB-INF/menu-config.xml'
2012-06-29 12:01:22,020 INFO  [AndroMDA:bpm4struts] Output: 'file:/C:/svn/desarrollo/04_Subsistemas/interfazJMX/mda/src/../../web/target/src/WEB-INF/validation.xml'
2012-06-29 12:01:22,052 INFO  [AndroMDA:bpm4struts] Output: 'file:/C:/svn/desarrollo/04_Subsistemas/interfazJMX/mda/src/../../web/target/src/layout/default-application.css'
2012-06-29 12:01:22,098 INFO  [AndroMDA:bpm4struts] Output: 'file:/C:/svn/desarrollo/04_Subsistemas/interfazJMX/mda/src/../../web/target/src/layout/messages.jsp'
2012-06-29 12:01:22,177 INFO  [AndroMDA:bpm4struts] Output: 'file:/C:/svn/desarrollo/04_Subsistemas/interfazJMX/mda/src/../../web/target/src/calendar-js.jsp'
2012-06-29 12:01:22,224 INFO  [AndroMDA:bpm4struts] Output: 'file:/C:/svn/desarrollo/04_Subsistemas/interfazJMX/mda/src/../../web/target/src/layout/breadcrumbs.jsp'
2012-06-29 12:01:22,239 INFO  [AndroMDA:bpm4struts] Output: 'file:/C:/svn/desarrollo/04_Subsistemas/interfazJMX/mda/src/../../web/target/src/taglib-imports.jspf'
2012-06-29 12:01:22,271 INFO  [AndroMDA:bpm4struts] Output: 'file:/C:/svn/desarrollo/04_Subsistemas/interfazJMX/mda/src/../../web/target/src/application-help.jsp'
2012-06-29 12:01:22,286 INFO  [AndroMDA:bpm4struts] Output: 'file:/C:/svn/desarrollo/04_Subsistemas/interfazJMX/mda/src/../../web/target/src/layout/help-layout.jsp'
2012-06-29 12:01:22,349 INFO  [AndroMDA:bpm4struts] Output: 'file:/C:/svn/desarrollo/04_Subsistemas/interfazJMX/mda/src/../../web/target/src/WEB-INF/classes/applicationContext-acegiSecurity-frontend.xml'
2012-06-29 12:01:22,364 INFO  [AndroMDA:bpm4struts] Output: 'file:/C:/svn/desarrollo/04_Subsistemas/interfazJMX/mda/src/../../web/target/src/casfailed.jsp'
2012-06-29 12:01:22,380 INFO  [AndroMDA:bpm4struts] Output: 'file:/C:/svn/desarrollo/04_Subsistemas/interfazJMX/mda/src/../../web/target/src/WEB-INF/classes/locator.properties'
2012-06-29 12:01:22,505 INFO  [AndroMDA] completed model processing --> TIME: 12.308[s], RESOURCES WRITTEN: 132
2012-06-29 12:01:22,896 INFO  [org.apache.maven.jelly.tags.maven.ReactorTag] +----------------------------------------
2012-06-29 12:01:22,896 INFO  [org.apache.maven.jelly.tags.maven.ReactorTag] | Executing multiproject:install-callback AgregaJmx Common
2012-06-29 12:01:22,896 INFO  [org.apache.maven.jelly.tags.maven.ReactorTag] | Memory: 24M/47M
2012-06-29 12:01:22,896 INFO  [org.apache.maven.jelly.tags.maven.ReactorTag] +----------------------------------------
2012-06-29 12:01:24,882 INFO  [org.apache.maven.jelly.tags.maven.ReactorTag] +----------------------------------------
2012-06-29 12:01:24,882 INFO  [org.apache.maven.jelly.tags.maven.ReactorTag] | Executing multiproject:install-callback AgregaJmx Core Business Tier
2012-06-29 12:01:24,882 INFO  [org.apache.maven.jelly.tags.maven.ReactorTag] | Memory: 40M/47M
2012-06-29 12:01:24,882 INFO  [org.apache.maven.jelly.tags.maven.ReactorTag] +----------------------------------------
2012-06-29 12:01:27,291 INFO  [com.werken.werkz.jelly.PostGoalTag] Running post goal: jar:jar
2012-06-29 12:01:29,746 INFO  [org.apache.maven.jelly.tags.maven.ReactorTag] +----------------------------------------
2012-06-29 12:01:29,746 INFO  [org.apache.maven.jelly.tags.maven.ReactorTag] | Executing multiproject:install-callback AgregaJmx Web
2012-06-29 12:01:29,746 INFO  [org.apache.maven.jelly.tags.maven.ReactorTag] | Memory: 27M/49M
2012-06-29 12:01:29,746 INFO  [org.apache.maven.jelly.tags.maven.ReactorTag] +----------------------------------------
2012-06-29 12:01:38,519 INFO  [com.werken.werkz.jelly.PostGoalTag] Running post goal: war:war
2012-06-29 12:01:43,055 INFO  [org.apache.maven.jelly.tags.maven.ReactorTag] +----------------------------------------
2012-06-29 12:01:43,055 INFO  [org.apache.maven.jelly.tags.maven.ReactorTag] | Executing multiproject:install-callback AgregaJmx Functional Test
2012-06-29 12:01:43,055 INFO  [org.apache.maven.jelly.tags.maven.ReactorTag] | Memory: 29M/49M
2012-06-29 12:01:43,055 INFO  [org.apache.maven.jelly.tags.maven.ReactorTag] +----------------------------------------
2012-06-29 12:01:43,477 INFO  [org.apache.maven.cli.App] BUILD SUCCESSFUL
2012-06-29 12:01:43,680 INFO  [org.apache.maven.cli.App] Total time: 51 seconds
2012-06-29 12:01:43,680 INFO  [org.apache.maven.cli.App] Finished at: Fri Jun 29 12:01:43 CEST 2012
2012-06-29 12:01:43,680 INFO  [org.apache.maven.cli.App] 
